[     417ms] [INFO] %cDownload the React DevTools for a better development experience: https://react.dev/link/react-devtools font-weight:bold @ http://localhost:5180/node_modules/.vite/deps/react-dom_client.js?v=cd7b970d:20102
[     951ms] [WARNING] [DurableStream] Using HTTP (not HTTPS) typically limits browsers to ~6 concurrent connections per origin under HTTP/1.1. This can cause slow streams and app freezes with multiple active streams. Use HTTPS for HTTP/2 support. See https://electric-sql.com/r/electric-http2 for more information. @ http://localhost:5180/src/routes/__root.tsx:53
[    2018ms] [ERROR] Failed to load resource: the server responded with a status of 404 (Not Found) @ http://localhost:5180/api/chat-stream?id=3eca0a1d-034d-4669-9ba4-7969bf2bf788&offset=-1&live=sse:0
[    2113ms] [ERROR] Failed to load resource: the server responded with a status of 404 (Not Found) @ http://localhost:5180/api/chat-stream?id=3eca0a1d-034d-4669-9ba4-7969bf2bf788&offset=-1&live=sse:0
[   34873ms] [INFO] %cDownload the React DevTools for a better development experience: https://react.dev/link/react-devtools font-weight:bold @ http://localhost:5180/node_modules/.vite/deps/react-dom_client.js?v=cd7b970d:20102
[   35418ms] [WARNING] [DurableStream] Using HTTP (not HTTPS) typically limits browsers to ~6 concurrent connections per origin under HTTP/1.1. This can cause slow streams and app freezes with multiple active streams. Use HTTPS for HTTP/2 support. See https://electric-sql.com/r/electric-http2 for more information. @ http://localhost:5180/src/routes/__root.tsx:53
[   36077ms] [ERROR] Failed to load resource: the server responded with a status of 404 (Not Found) @ http://localhost:5180/api/chat-stream?id=3eca0a1d-034d-4669-9ba4-7969bf2bf788&offset=-1&live=sse:0
[   36207ms] [ERROR] Failed to load resource: the server responded with a status of 404 (Not Found) @ http://localhost:5180/api/chat-stream?id=3eca0a1d-034d-4669-9ba4-7969bf2bf788&offset=-1&live=sse:0
[   54194ms] [INFO] %cDownload the React DevTools for a better development experience: https://react.dev/link/react-devtools font-weight:bold @ http://localhost:5180/node_modules/.vite/deps/react-dom_client.js?v=cd7b970d:20102
[   54764ms] [WARNING] [DurableStream] Using HTTP (not HTTPS) typically limits browsers to ~6 concurrent connections per origin under HTTP/1.1. This can cause slow streams and app freezes with multiple active streams. Use HTTPS for HTTP/2 support. See https://electric-sql.com/r/electric-http2 for more information. @ http://localhost:5180/src/routes/__root.tsx:53
[   54846ms] [ERROR] Failed to load resource: the server responded with a status of 404 (Not Found) @ http://localhost:5180/api/chat-stream?id=3eca0a1d-034d-4669-9ba4-7969bf2bf788&offset=-1&live=sse:0
[   54891ms] [ERROR] Failed to load resource: the server responded with a status of 404 (Not Found) @ http://localhost:5180/api/chat-stream?id=3eca0a1d-034d-4669-9ba4-7969bf2bf788&offset=-1&live=sse:0
[   63905ms] [INFO] %cDownload the React DevTools for a better development experience: https://react.dev/link/react-devtools font-weight:bold @ http://localhost:5180/node_modules/.vite/deps/react-dom_client.js?v=cd7b970d:20102
[   64445ms] [WARNING] [DurableStream] Using HTTP (not HTTPS) typically limits browsers to ~6 concurrent connections per origin under HTTP/1.1. This can cause slow streams and app freezes with multiple active streams. Use HTTPS for HTTP/2 support. See https://electric-sql.com/r/electric-http2 for more information. @ http://localhost:5180/src/routes/__root.tsx:53
[   66213ms] [ERROR] Failed to load resource: the server responded with a status of 404 (Not Found) @ http://localhost:5180/api/chat-stream?id=3eca0a1d-034d-4669-9ba4-7969bf2bf788&offset=-1&live=sse:0
[   66414ms] [ERROR] Failed to load resource: the server responded with a status of 404 (Not Found) @ http://localhost:5180/api/chat-stream?id=3eca0a1d-034d-4669-9ba4-7969bf2bf788&offset=-1&live=sse:0
[   78010ms] [INFO] %cDownload the React DevTools for a better development experience: https://react.dev/link/react-devtools font-weight:bold @ http://localhost:5180/node_modules/.vite/deps/react-dom_client.js?v=cd7b970d:20102
[   78580ms] [WARNING] [DurableStream] Using HTTP (not HTTPS) typically limits browsers to ~6 concurrent connections per origin under HTTP/1.1. This can cause slow streams and app freezes with multiple active streams. Use HTTPS for HTTP/2 support. See https://electric-sql.com/r/electric-http2 for more information. @ http://localhost:5180/src/routes/__root.tsx:53
[   78703ms] [ERROR] Failed to load resource: the server responded with a status of 404 (Not Found) @ http://localhost:5180/api/chat-stream?id=3eca0a1d-034d-4669-9ba4-7969bf2bf788&offset=-1&live=sse:0
[   78754ms] [ERROR] Failed to load resource: the server responded with a status of 404 (Not Found) @ http://localhost:5180/api/chat-stream?id=3eca0a1d-034d-4669-9ba4-7969bf2bf788&offset=-1&live=sse:0
